FILE_TYPE=LIBRARY_PARTS;
PRIMITIVE 'NX3215SA_32.768K_EXS00A_MU00003','NX3215SA_32.768K_EXS00A_MU00003_Other';
  PIN
    '1':
      PIN_NUMBER='(1)';
      NO_LOAD_CHECK=BOTH;
      NO_IO_CHECK=BOTH;
      ALLOW_CONNECT=TRUE;
      PINUSE='UNSPEC';
    '2':
      PIN_NUMBER='(2)';
      NO_LOAD_CHECK=BOTH;
      NO_IO_CHECK=BOTH;
      ALLOW_CONNECT=TRUE;
      PINUSE='UNSPEC';
  END_PIN;
  BODY
    PART_NAME='NX3215SA_32.768K_EXS00A_MU00003';
    PHYS_DES_PREFIX='Y';
    NO_LOAD_CHECK='TRUE';
    PIN_COUNT='2';
    BODY_NAME='NX3215SA_32.768K_EXS00A_MU00003';
    JEDEC_TYPE='NX3215SA32768KEXS00AMU00003';
  END_BODY;
END_PRIMITIVE;
END.
